<?xml version="1.0" encoding="UTF-8"?>
<!-- Generated by org.testng.reporters.JUnitXMLReporter -->
<testsuite ignored="0" hostname="DESKTOP-6SLC4ME" failures="0" tests="1" name="Test-Runner-firefox" time="36.705" errors="0" timestamp="2023-10-16T19:35:04 IST">
  <testcase classname="contactTest.CreateContactTest" name="createContact" time="16.093"/>
</testsuite> <!-- Test-Runner-firefox -->
