<?xml version="1.0" encoding="UTF-8"?>
<!-- Generated by org.testng.reporters.JUnitXMLReporter -->
<testsuite ignored="0" hostname="DESKTOP-6SLC4ME" failures="0" tests="1" name="Test-Runner-3" time="60.777" errors="0" timestamp="2023-10-11T23:00:50 IST">
  <testcase classname="contactTest.CreateContactTest" name="createContact" time="33.117"/>
</testsuite> <!-- Test-Runner-3 -->
