<?xml version="1.0" encoding="UTF-8"?>
<!-- Generated by org.testng.reporters.JUnitXMLReporter -->
<testsuite ignored="0" hostname="DESKTOP-6SLC4ME" failures="0" tests="1" name="Test-6" time="9.603" errors="0" timestamp="2023-10-11T21:53:09 IST">
  <testcase classname="practice.TestNGExperiments" name="method1" time="9.595"/>
</testsuite> <!-- Test-6 -->
