<?xml version="1.0" encoding="UTF-8"?>
<!-- Generated by org.testng.reporters.JUnitXMLReporter -->
<testsuite ignored="0" hostname="DESKTOP-6SLC4ME" failures="0" tests="2" name="Test-3" time="40.246" errors="0" timestamp="2023-10-11T22:05:54 IST">
  <testcase classname="practice.TestNGExperiments" name="method1" time="19.548"/>
  <testcase classname="practice.TestNGExperiments" name="method2" time="20.629"/>
</testsuite> <!-- Test-3 -->
