<?xml version="1.0" encoding="UTF-8"?>
<!-- Generated by org.testng.reporters.JUnitReportReporter -->
<testsuite hostname="DESKTOP-6SLC4ME" failures="0" tests="1" name="organizationTests.CreateOrganizationTest" time="26.206" errors="0" timestamp="2023-10-25T20:43:35 IST" skipped="0">
  <testcase classname="organizationTests.CreateOrganizationTest" name="createOrg" time="26.206"/>
  <system-out/>
</testsuite> <!-- organizationTests.CreateOrganizationTest -->
