<?xml version="1.0" encoding="UTF-8"?>
<!-- Generated by org.testng.reporters.JUnitReportReporter -->
<testsuite hostname="DESKTOP-6SLC4ME" failures="0" tests="2" name="practice.TestNGExperiments" time="23.317" errors="0" timestamp="2023-10-11T22:33:15 IST" skipped="0">
  <testcase classname="practice.TestNGExperiments" name="method1" time="11.300"/>
  <system-out/>
  <testcase classname="practice.TestNGExperiments" name="method2" time="12.017"/>
  <system-out/>
</testsuite> <!-- practice.TestNGExperiments -->
