<?xml version="1.0" encoding="UTF-8"?>
<!-- Generated by org.testng.reporters.JUnitReportReporter -->
<testsuite hostname="DESKTOP-6SLC4ME" failures="0" tests="1" name="practice.TestNgExp2" time="10.657" errors="0" timestamp="2023-10-11T23:07:29 IST" skipped="0">
  <testcase classname="practice.TestNgExp2" name="method1" time="10.657"/>
  <system-out/>
</testsuite> <!-- practice.TestNgExp2 -->
