<?xml version="1.0" encoding="UTF-8"?>
<!-- Generated by org.testng.reporters.JUnitReportReporter -->
<testsuite hostname="DESKTOP-6SLC4ME" failures="0" tests="1" name="organizationTests.CreateOrganizationWithIndustry" time="24.103" errors="0" timestamp="2023-10-10T20:12:01 IST" skipped="0">
  <testcase classname="organizationTests.CreateOrganizationWithIndustry" name="createOrgWithInd" time="24.103"/>
  <system-out/>
</testsuite> <!-- organizationTests.CreateOrganizationWithIndustry -->
