<?xml version="1.0" encoding="UTF-8"?>
<!-- Generated by org.testng.reporters.JUnitReportReporter -->
<testsuite hostname="DESKTOP-6SLC4ME" failures="0" tests="1" name="organizationTests.CreateOrganization" time="24.106" errors="0" timestamp="2023-10-11T20:31:21 IST" skipped="0">
  <testcase classname="organizationTests.CreateOrganization" name="createOrg" time="24.106"/>
  <system-out/>
</testsuite> <!-- organizationTests.CreateOrganization -->
