<?xml version="1.0" encoding="UTF-8"?>
<!-- Generated by org.testng.reporters.JUnitReportReporter -->
<testsuite hostname="DESKTOP-6SLC4ME" failures="0" tests="5" name="practice.TestNGDataProvider" time="0.030" errors="0" timestamp="2023-10-06T20:15:17 IST" skipped="0">
  <testcase classname="practice.TestNGDataProvider" name="addCart" time="0.005"/>
  <system-out/>
  <testcase classname="practice.TestNGDataProvider" name="addCart" time="0.006"/>
  <system-out/>
  <testcase classname="practice.TestNGDataProvider" name="addCart" time="0.005"/>
  <system-out/>
  <testcase classname="practice.TestNGDataProvider" name="addCart" time="0.004"/>
  <system-out/>
  <testcase classname="practice.TestNGDataProvider" name="addCart" time="0.010"/>
  <system-out/>
</testsuite> <!-- practice.TestNGDataProvider -->
