<?xml version="1.0" encoding="UTF-8"?>
<!-- Generated by org.testng.reporters.JUnitReportReporter -->
<testsuite hostname="DESKTOP-6SLC4ME" failures="0" tests="1" name="contactTest.CreateContactTest" time="27.702" errors="0" timestamp="2023-10-26T18:53:26 IST" skipped="0">
  <testcase classname="contactTest.CreateContactTest" name="createContact" time="27.702"/>
  <system-out>
CLicked  </system-out>
</testsuite> <!-- contactTest.CreateContactTest -->
